<?xml version="1.0" encoding="UTF-8"?>
<!-- Generated by org.testng.reporters.JUnitReportReporter -->
<testsuite hostname="LAP-ART-MP249ZM3" failures="0" tests="1" name="TestCases.Test_Login" time="15.640" errors="0" timestamp="2024-05-22T10:53:40 IST" skipped="0">
  <testcase classname="TestCases.Test_Login" name="Test4" time="15.640"/>
  <system-out/>
</testsuite> <!-- TestCases.Test_Login -->
