<?xml version="1.0" encoding="UTF-8"?>
<!-- Generated by org.testng.reporters.JUnitReportReporter -->
<testsuite hostname="LAP-ART-MP249ZM3" failures="0" tests="2" name="TestCases.Test_Login" time="43.362" errors="0" timestamp="2024-05-22T11:15:34 IST" skipped="0">
  <testcase classname="TestCases.Test_Login" name="Test5" time="25.666"/>
  <system-out/>
  <testcase classname="TestCases.Test_Login" name="Test4" time="17.696"/>
  <system-out/>
</testsuite> <!-- TestCases.Test_Login -->
